file result: AFW_amortization_1Faults_Fault1   file: C:\Users\inica\Documents\GitHub\BackupSFLspreadsheetsOnGitHub2ndMarch\SFLspreadsheets\Benchmarks\INTEGER\spreadsheets\fromAFW\SEEDED\AFW_amortization_1Faults_Fault1.xlsx
file result: AFW_amortization_2Faults_Fault1   file: C:\Users\inica\Documents\GitHub\BackupSFLspreadsheetsOnGitHub2ndMarch\SFLspreadsheets\Benchmarks\INTEGER\spreadsheets\fromAFW\SEEDED\AFW_amortization_2Faults_Fault1.xlsx
file result: AFW_amortization_2Faults_Fault2   file: C:\Users\inica\Documents\GitHub\BackupSFLspreadsheetsOnGitHub2ndMarch\SFLspreadsheets\Benchmarks\INTEGER\spreadsheets\fromAFW\SEEDED\AFW_amortization_2Faults_Fault2.xlsx
file result: AFW_amortization_2Faults_Fault3   file: C:\Users\inica\Documents\GitHub\BackupSFLspreadsheetsOnGitHub2ndMarch\SFLspreadsheets\Benchmarks\INTEGER\spreadsheets\fromAFW\SEEDED\AFW_amortization_2Faults_Fault3.xlsx
file result: AFW_amortization_3Faults_Fault1   file: C:\Users\inica\Documents\GitHub\BackupSFLspreadsheetsOnGitHub2ndMarch\SFLspreadsheets\Benchmarks\INTEGER\spreadsheets\fromAFW\SEEDED\AFW_amortization_3Faults_Fault1.xlsx
file result: AFW_area_2Faults_Fault1   file: C:\Users\inica\Documents\GitHub\BackupSFLspreadsheetsOnGitHub2ndMarch\SFLspreadsheets\Benchmarks\INTEGER\spreadsheets\fromAFW\SEEDED\AFW_area_2Faults_Fault1.xlsx
file result: AFW_area_2Faults_Fault2   file: C:\Users\inica\Documents\GitHub\BackupSFLspreadsheetsOnGitHub2ndMarch\SFLspreadsheets\Benchmarks\INTEGER\spreadsheets\fromAFW\SEEDED\AFW_area_2Faults_Fault2.xlsx
file result: AFW_area_2Faults_Fault3   file: C:\Users\inica\Documents\GitHub\BackupSFLspreadsheetsOnGitHub2ndMarch\SFLspreadsheets\Benchmarks\INTEGER\spreadsheets\fromAFW\SEEDED\AFW_area_2Faults_Fault3.xlsx
file result: AFW_area_3Faults_Fault1   file: C:\Users\inica\Documents\GitHub\BackupSFLspreadsheetsOnGitHub2ndMarch\SFLspreadsheets\Benchmarks\INTEGER\spreadsheets\fromAFW\SEEDED\AFW_area_3Faults_Fault1.xlsx
file result: AFW_arithmetics00_1Faults_Fault1   file: C:\Users\inica\Documents\GitHub\BackupSFLspreadsheetsOnGitHub2ndMarch\SFLspreadsheets\Benchmarks\INTEGER\spreadsheets\fromAFW\SEEDED\AFW_arithmetics00_1Faults_Fault1.xlsx
file result: AFW_arithmetics00_1Faults_Fault2   file: C:\Users\inica\Documents\GitHub\BackupSFLspreadsheetsOnGitHub2ndMarch\SFLspreadsheets\Benchmarks\INTEGER\spreadsheets\fromAFW\SEEDED\AFW_arithmetics00_1Faults_Fault2.xlsx
file result: AFW_arithmetics00_1Faults_Fault3   file: C:\Users\inica\Documents\GitHub\BackupSFLspreadsheetsOnGitHub2ndMarch\SFLspreadsheets\Benchmarks\INTEGER\spreadsheets\fromAFW\SEEDED\AFW_arithmetics00_1Faults_Fault3.xlsx
file result: AFW_arithmetics00_2Faults_Fault1   file: C:\Users\inica\Documents\GitHub\BackupSFLspreadsheetsOnGitHub2ndMarch\SFLspreadsheets\Benchmarks\INTEGER\spreadsheets\fromAFW\SEEDED\AFW_arithmetics00_2Faults_Fault1.xlsx
file result: AFW_arithmetics00_2Faults_Fault2   file: C:\Users\inica\Documents\GitHub\BackupSFLspreadsheetsOnGitHub2ndMarch\SFLspreadsheets\Benchmarks\INTEGER\spreadsheets\fromAFW\SEEDED\AFW_arithmetics00_2Faults_Fault2.xlsx
file result: AFW_arithmetics00_2Faults_Fault3   file: C:\Users\inica\Documents\GitHub\BackupSFLspreadsheetsOnGitHub2ndMarch\SFLspreadsheets\Benchmarks\INTEGER\spreadsheets\fromAFW\SEEDED\AFW_arithmetics00_2Faults_Fault3.xlsx
file result: AFW_arithmetics00_3Faults_Fault1   file: C:\Users\inica\Documents\GitHub\BackupSFLspreadsheetsOnGitHub2ndMarch\SFLspreadsheets\Benchmarks\INTEGER\spreadsheets\fromAFW\SEEDED\AFW_arithmetics00_3Faults_Fault1.xlsx
file result: AFW_arithmetics01_1Faults_Fault1   file: C:\Users\inica\Documents\GitHub\BackupSFLspreadsheetsOnGitHub2ndMarch\SFLspreadsheets\Benchmarks\INTEGER\spreadsheets\fromAFW\SEEDED\AFW_arithmetics01_1Faults_Fault1.xlsx
file result: AFW_arithmetics01_1Faults_Fault2   file: C:\Users\inica\Documents\GitHub\BackupSFLspreadsheetsOnGitHub2ndMarch\SFLspreadsheets\Benchmarks\INTEGER\spreadsheets\fromAFW\SEEDED\AFW_arithmetics01_1Faults_Fault2.xlsx
file result: AFW_arithmetics01_1Faults_Fault3   file: C:\Users\inica\Documents\GitHub\BackupSFLspreadsheetsOnGitHub2ndMarch\SFLspreadsheets\Benchmarks\INTEGER\spreadsheets\fromAFW\SEEDED\AFW_arithmetics01_1Faults_Fault3.xlsx
file result: AFW_arithmetics01_2Faults_Fault1   file: C:\Users\inica\Documents\GitHub\BackupSFLspreadsheetsOnGitHub2ndMarch\SFLspreadsheets\Benchmarks\INTEGER\spreadsheets\fromAFW\SEEDED\AFW_arithmetics01_2Faults_Fault1.xlsx
file result: AFW_arithmetics01_2Faults_Fault2   file: C:\Users\inica\Documents\GitHub\BackupSFLspreadsheetsOnGitHub2ndMarch\SFLspreadsheets\Benchmarks\INTEGER\spreadsheets\fromAFW\SEEDED\AFW_arithmetics01_2Faults_Fault2.xlsx
file result: AFW_arithmetics01_2Faults_Fault3   file: C:\Users\inica\Documents\GitHub\BackupSFLspreadsheetsOnGitHub2ndMarch\SFLspreadsheets\Benchmarks\INTEGER\spreadsheets\fromAFW\SEEDED\AFW_arithmetics01_2Faults_Fault3.xlsx
file result: AFW_arithmetics01_3Faults_Fault1   file: C:\Users\inica\Documents\GitHub\BackupSFLspreadsheetsOnGitHub2ndMarch\SFLspreadsheets\Benchmarks\INTEGER\spreadsheets\fromAFW\SEEDED\AFW_arithmetics01_3Faults_Fault1.xlsx
file result: AFW_arithmetics02_1Faults_Fault1   file: C:\Users\inica\Documents\GitHub\BackupSFLspreadsheetsOnGitHub2ndMarch\SFLspreadsheets\Benchmarks\INTEGER\spreadsheets\fromAFW\SEEDED\AFW_arithmetics02_1Faults_Fault1.xlsx
file result: AFW_arithmetics02_1Faults_Fault2   file: C:\Users\inica\Documents\GitHub\BackupSFLspreadsheetsOnGitHub2ndMarch\SFLspreadsheets\Benchmarks\INTEGER\spreadsheets\fromAFW\SEEDED\AFW_arithmetics02_1Faults_Fault2.xlsx
file result: AFW_arithmetics02_1Faults_Fault3   file: C:\Users\inica\Documents\GitHub\BackupSFLspreadsheetsOnGitHub2ndMarch\SFLspreadsheets\Benchmarks\INTEGER\spreadsheets\fromAFW\SEEDED\AFW_arithmetics02_1Faults_Fault3.xlsx
file result: AFW_arithmetics02_2Faults_Fault1   file: C:\Users\inica\Documents\GitHub\BackupSFLspreadsheetsOnGitHub2ndMarch\SFLspreadsheets\Benchmarks\INTEGER\spreadsheets\fromAFW\SEEDED\AFW_arithmetics02_2Faults_Fault1.xlsx
file result: AFW_arithmetics02_2Faults_Fault2   file: C:\Users\inica\Documents\GitHub\BackupSFLspreadsheetsOnGitHub2ndMarch\SFLspreadsheets\Benchmarks\INTEGER\spreadsheets\fromAFW\SEEDED\AFW_arithmetics02_2Faults_Fault2.xlsx
file result: AFW_arithmetics02_2Faults_Fault3   file: C:\Users\inica\Documents\GitHub\BackupSFLspreadsheetsOnGitHub2ndMarch\SFLspreadsheets\Benchmarks\INTEGER\spreadsheets\fromAFW\SEEDED\AFW_arithmetics02_2Faults_Fault3.xlsx
file result: AFW_arithmetics02_3Faults_Fault1   file: C:\Users\inica\Documents\GitHub\BackupSFLspreadsheetsOnGitHub2ndMarch\SFLspreadsheets\Benchmarks\INTEGER\spreadsheets\fromAFW\SEEDED\AFW_arithmetics02_3Faults_Fault1.xlsx
file result: AFW_arithmetics03_1Faults_Fault1   file: C:\Users\inica\Documents\GitHub\BackupSFLspreadsheetsOnGitHub2ndMarch\SFLspreadsheets\Benchmarks\INTEGER\spreadsheets\fromAFW\SEEDED\AFW_arithmetics03_1Faults_Fault1.xlsx
file result: AFW_arithmetics03_1Faults_Fault2   file: C:\Users\inica\Documents\GitHub\BackupSFLspreadsheetsOnGitHub2ndMarch\SFLspreadsheets\Benchmarks\INTEGER\spreadsheets\fromAFW\SEEDED\AFW_arithmetics03_1Faults_Fault2.xlsx
file result: AFW_arithmetics03_1Faults_Fault3   file: C:\Users\inica\Documents\GitHub\BackupSFLspreadsheetsOnGitHub2ndMarch\SFLspreadsheets\Benchmarks\INTEGER\spreadsheets\fromAFW\SEEDED\AFW_arithmetics03_1Faults_Fault3.xlsx
file result: AFW_arithmetics03_2Faults_Fault1   file: C:\Users\inica\Documents\GitHub\BackupSFLspreadsheetsOnGitHub2ndMarch\SFLspreadsheets\Benchmarks\INTEGER\spreadsheets\fromAFW\SEEDED\AFW_arithmetics03_2Faults_Fault1.xlsx
file result: AFW_arithmetics03_2Faults_Fault2   file: C:\Users\inica\Documents\GitHub\BackupSFLspreadsheetsOnGitHub2ndMarch\SFLspreadsheets\Benchmarks\INTEGER\spreadsheets\fromAFW\SEEDED\AFW_arithmetics03_2Faults_Fault2.xlsx
file result: AFW_arithmetics03_2Faults_Fault3   file: C:\Users\inica\Documents\GitHub\BackupSFLspreadsheetsOnGitHub2ndMarch\SFLspreadsheets\Benchmarks\INTEGER\spreadsheets\fromAFW\SEEDED\AFW_arithmetics03_2Faults_Fault3.xlsx
file result: AFW_arithmetics03_3Faults_Fault1   file: C:\Users\inica\Documents\GitHub\BackupSFLspreadsheetsOnGitHub2ndMarch\SFLspreadsheets\Benchmarks\INTEGER\spreadsheets\fromAFW\SEEDED\AFW_arithmetics03_3Faults_Fault1.xlsx
file result: AFW_arithmetics04_1Faults_Fault1   file: C:\Users\inica\Documents\GitHub\BackupSFLspreadsheetsOnGitHub2ndMarch\SFLspreadsheets\Benchmarks\INTEGER\spreadsheets\fromAFW\SEEDED\AFW_arithmetics04_1Faults_Fault1.xlsx
file result: AFW_arithmetics04_1Faults_Fault2   file: C:\Users\inica\Documents\GitHub\BackupSFLspreadsheetsOnGitHub2ndMarch\SFLspreadsheets\Benchmarks\INTEGER\spreadsheets\fromAFW\SEEDED\AFW_arithmetics04_1Faults_Fault2.xlsx
file result: AFW_arithmetics04_1Faults_Fault3   file: C:\Users\inica\Documents\GitHub\BackupSFLspreadsheetsOnGitHub2ndMarch\SFLspreadsheets\Benchmarks\INTEGER\spreadsheets\fromAFW\SEEDED\AFW_arithmetics04_1Faults_Fault3.xlsx
file result: AFW_arithmetics04_1Faults_Fault4   file: C:\Users\inica\Documents\GitHub\BackupSFLspreadsheetsOnGitHub2ndMarch\SFLspreadsheets\Benchmarks\INTEGER\spreadsheets\fromAFW\SEEDED\AFW_arithmetics04_1Faults_Fault4.xlsx
file result: AFW_arithmetics04_1Faults_Fault5   file: C:\Users\inica\Documents\GitHub\BackupSFLspreadsheetsOnGitHub2ndMarch\SFLspreadsheets\Benchmarks\INTEGER\spreadsheets\fromAFW\SEEDED\AFW_arithmetics04_1Faults_Fault5.xlsx
file result: AFW_arithmetics04_2Faults_Fault1   file: C:\Users\inica\Documents\GitHub\BackupSFLspreadsheetsOnGitHub2ndMarch\SFLspreadsheets\Benchmarks\INTEGER\spreadsheets\fromAFW\SEEDED\AFW_arithmetics04_2Faults_Fault1.xlsx
file result: AFW_arithmetics04_2Faults_Fault2   file: C:\Users\inica\Documents\GitHub\BackupSFLspreadsheetsOnGitHub2ndMarch\SFLspreadsheets\Benchmarks\INTEGER\spreadsheets\fromAFW\SEEDED\AFW_arithmetics04_2Faults_Fault2.xlsx
file result: AFW_arithmetics04_2Faults_Fault3   file: C:\Users\inica\Documents\GitHub\BackupSFLspreadsheetsOnGitHub2ndMarch\SFLspreadsheets\Benchmarks\INTEGER\spreadsheets\fromAFW\SEEDED\AFW_arithmetics04_2Faults_Fault3.xlsx
file result: AFW_arithmetics04_3Faults_Fault1   file: C:\Users\inica\Documents\GitHub\BackupSFLspreadsheetsOnGitHub2ndMarch\SFLspreadsheets\Benchmarks\INTEGER\spreadsheets\fromAFW\SEEDED\AFW_arithmetics04_3Faults_Fault1.xlsx
file result: AFW_austrian_league_1Faults_Fault1   file: C:\Users\inica\Documents\GitHub\BackupSFLspreadsheetsOnGitHub2ndMarch\SFLspreadsheets\Benchmarks\INTEGER\spreadsheets\fromAFW\SEEDED\AFW_austrian_league_1Faults_Fault1.xlsx
file result: AFW_austrian_league_1Faults_Fault2   file: C:\Users\inica\Documents\GitHub\BackupSFLspreadsheetsOnGitHub2ndMarch\SFLspreadsheets\Benchmarks\INTEGER\spreadsheets\fromAFW\SEEDED\AFW_austrian_league_1Faults_Fault2.xlsx
file result: AFW_austrian_league_1Faults_Fault3   file: C:\Users\inica\Documents\GitHub\BackupSFLspreadsheetsOnGitHub2ndMarch\SFLspreadsheets\Benchmarks\INTEGER\spreadsheets\fromAFW\SEEDED\AFW_austrian_league_1Faults_Fault3.xlsx
file result: AFW_austrian_league_1Faults_Fault4   file: C:\Users\inica\Documents\GitHub\BackupSFLspreadsheetsOnGitHub2ndMarch\SFLspreadsheets\Benchmarks\INTEGER\spreadsheets\fromAFW\SEEDED\AFW_austrian_league_1Faults_Fault4.xlsx
file result: AFW_austrian_league_2Faults_Fault1   file: C:\Users\inica\Documents\GitHub\BackupSFLspreadsheetsOnGitHub2ndMarch\SFLspreadsheets\Benchmarks\INTEGER\spreadsheets\fromAFW\SEEDED\AFW_austrian_league_2Faults_Fault1.xlsx
file result: AFW_austrian_league_2Faults_Fault2   file: C:\Users\inica\Documents\GitHub\BackupSFLspreadsheetsOnGitHub2ndMarch\SFLspreadsheets\Benchmarks\INTEGER\spreadsheets\fromAFW\SEEDED\AFW_austrian_league_2Faults_Fault2.xlsx
file result: AFW_austrian_league_2Faults_Fault3   file: C:\Users\inica\Documents\GitHub\BackupSFLspreadsheetsOnGitHub2ndMarch\SFLspreadsheets\Benchmarks\INTEGER\spreadsheets\fromAFW\SEEDED\AFW_austrian_league_2Faults_Fault3.xlsx
file result: AFW_austrian_league_3Faults_Fault1   file: C:\Users\inica\Documents\GitHub\BackupSFLspreadsheetsOnGitHub2ndMarch\SFLspreadsheets\Benchmarks\INTEGER\spreadsheets\fromAFW\SEEDED\AFW_austrian_league_3Faults_Fault1.xlsx
file result: AFW_bank_account_1Faults_Fault1   file: C:\Users\inica\Documents\GitHub\BackupSFLspreadsheetsOnGitHub2ndMarch\SFLspreadsheets\Benchmarks\INTEGER\spreadsheets\fromAFW\SEEDED\AFW_bank_account_1Faults_Fault1.xlsx
file result: AFW_bank_account_1Faults_Fault2   file: C:\Users\inica\Documents\GitHub\BackupSFLspreadsheetsOnGitHub2ndMarch\SFLspreadsheets\Benchmarks\INTEGER\spreadsheets\fromAFW\SEEDED\AFW_bank_account_1Faults_Fault2.xlsx
file result: AFW_bank_account_1Faults_Fault3   file: C:\Users\inica\Documents\GitHub\BackupSFLspreadsheetsOnGitHub2ndMarch\SFLspreadsheets\Benchmarks\INTEGER\spreadsheets\fromAFW\SEEDED\AFW_bank_account_1Faults_Fault3.xlsx
file result: AFW_bank_account_1Faults_Fault4   file: C:\Users\inica\Documents\GitHub\BackupSFLspreadsheetsOnGitHub2ndMarch\SFLspreadsheets\Benchmarks\INTEGER\spreadsheets\fromAFW\SEEDED\AFW_bank_account_1Faults_Fault4.xlsx
file result: AFW_bank_account_1Faults_Fault5   file: C:\Users\inica\Documents\GitHub\BackupSFLspreadsheetsOnGitHub2ndMarch\SFLspreadsheets\Benchmarks\INTEGER\spreadsheets\fromAFW\SEEDED\AFW_bank_account_1Faults_Fault5.xlsx
file result: AFW_bank_account_2Faults_Fault1   file: C:\Users\inica\Documents\GitHub\BackupSFLspreadsheetsOnGitHub2ndMarch\SFLspreadsheets\Benchmarks\INTEGER\spreadsheets\fromAFW\SEEDED\AFW_bank_account_2Faults_Fault1.xlsx
file result: AFW_bank_account_2Faults_Fault2   file: C:\Users\inica\Documents\GitHub\BackupSFLspreadsheetsOnGitHub2ndMarch\SFLspreadsheets\Benchmarks\INTEGER\spreadsheets\fromAFW\SEEDED\AFW_bank_account_2Faults_Fault2.xlsx
file result: AFW_bank_account_2Faults_Fault3   file: C:\Users\inica\Documents\GitHub\BackupSFLspreadsheetsOnGitHub2ndMarch\SFLspreadsheets\Benchmarks\INTEGER\spreadsheets\fromAFW\SEEDED\AFW_bank_account_2Faults_Fault3.xlsx
file result: AFW_bank_account_3Faults_Fault1   file: C:\Users\inica\Documents\GitHub\BackupSFLspreadsheetsOnGitHub2ndMarch\SFLspreadsheets\Benchmarks\INTEGER\spreadsheets\fromAFW\SEEDED\AFW_bank_account_3Faults_Fault1.xlsx
file result: AFW_birthdays_1Faults_Fault1   file: C:\Users\inica\Documents\GitHub\BackupSFLspreadsheetsOnGitHub2ndMarch\SFLspreadsheets\Benchmarks\INTEGER\spreadsheets\fromAFW\SEEDED\AFW_birthdays_1Faults_Fault1.xlsx
file result: AFW_birthdays_1Faults_Fault3   file: C:\Users\inica\Documents\GitHub\BackupSFLspreadsheetsOnGitHub2ndMarch\SFLspreadsheets\Benchmarks\INTEGER\spreadsheets\fromAFW\SEEDED\AFW_birthdays_1Faults_Fault3.xlsx
file result: AFW_birthdays_1Faults_Fault5   file: C:\Users\inica\Documents\GitHub\BackupSFLspreadsheetsOnGitHub2ndMarch\SFLspreadsheets\Benchmarks\INTEGER\spreadsheets\fromAFW\SEEDED\AFW_birthdays_1Faults_Fault5.xlsx
file result: AFW_birthdays_3Faults_Fault1   file: C:\Users\inica\Documents\GitHub\BackupSFLspreadsheetsOnGitHub2ndMarch\SFLspreadsheets\Benchmarks\INTEGER\spreadsheets\fromAFW\SEEDED\AFW_birthdays_3Faults_Fault1.xlsx
file result: AFW_cake_1Faults_Fault1   file: C:\Users\inica\Documents\GitHub\BackupSFLspreadsheetsOnGitHub2ndMarch\SFLspreadsheets\Benchmarks\INTEGER\spreadsheets\fromAFW\SEEDED\AFW_cake_1Faults_Fault1.xlsx
file result: AFW_cake_2Faults_Fault1   file: C:\Users\inica\Documents\GitHub\BackupSFLspreadsheetsOnGitHub2ndMarch\SFLspreadsheets\Benchmarks\INTEGER\spreadsheets\fromAFW\SEEDED\AFW_cake_2Faults_Fault1.xlsx
file result: AFW_cake_2Faults_Fault2   file: C:\Users\inica\Documents\GitHub\BackupSFLspreadsheetsOnGitHub2ndMarch\SFLspreadsheets\Benchmarks\INTEGER\spreadsheets\fromAFW\SEEDED\AFW_cake_2Faults_Fault2.xlsx
file result: AFW_cake_2Faults_Fault3   file: C:\Users\inica\Documents\GitHub\BackupSFLspreadsheetsOnGitHub2ndMarch\SFLspreadsheets\Benchmarks\INTEGER\spreadsheets\fromAFW\SEEDED\AFW_cake_2Faults_Fault3.xlsx
file result: AFW_cake_3Faults_Fault1   file: C:\Users\inica\Documents\GitHub\BackupSFLspreadsheetsOnGitHub2ndMarch\SFLspreadsheets\Benchmarks\INTEGER\spreadsheets\fromAFW\SEEDED\AFW_cake_3Faults_Fault1.xlsx
file result: AFW_computer_shopping_1Faults_Fault1   file: C:\Users\inica\Documents\GitHub\BackupSFLspreadsheetsOnGitHub2ndMarch\SFLspreadsheets\Benchmarks\INTEGER\spreadsheets\fromAFW\SEEDED\AFW_computer_shopping_1Faults_Fault1.xlsx
file result: AFW_computer_shopping_1Faults_Fault2   file: C:\Users\inica\Documents\GitHub\BackupSFLspreadsheetsOnGitHub2ndMarch\SFLspreadsheets\Benchmarks\INTEGER\spreadsheets\fromAFW\SEEDED\AFW_computer_shopping_1Faults_Fault2.xlsx
file result: AFW_computer_shopping_2Faults_Fault1   file: C:\Users\inica\Documents\GitHub\BackupSFLspreadsheetsOnGitHub2ndMarch\SFLspreadsheets\Benchmarks\INTEGER\spreadsheets\fromAFW\SEEDED\AFW_computer_shopping_2Faults_Fault1.xlsx
file result: AFW_computer_shopping_2Faults_Fault2   file: C:\Users\inica\Documents\GitHub\BackupSFLspreadsheetsOnGitHub2ndMarch\SFLspreadsheets\Benchmarks\INTEGER\spreadsheets\fromAFW\SEEDED\AFW_computer_shopping_2Faults_Fault2.xlsx
file result: AFW_computer_shopping_2Faults_Fault3   file: C:\Users\inica\Documents\GitHub\BackupSFLspreadsheetsOnGitHub2ndMarch\SFLspreadsheets\Benchmarks\INTEGER\spreadsheets\fromAFW\SEEDED\AFW_computer_shopping_2Faults_Fault3.xlsx
file result: AFW_computer_shopping_3Faults_Fault1   file: C:\Users\inica\Documents\GitHub\BackupSFLspreadsheetsOnGitHub2ndMarch\SFLspreadsheets\Benchmarks\INTEGER\spreadsheets\fromAFW\SEEDED\AFW_computer_shopping_3Faults_Fault1.xlsx
file result: AFW_conditionals01_1Faults_Fault1   file: C:\Users\inica\Documents\GitHub\BackupSFLspreadsheetsOnGitHub2ndMarch\SFLspreadsheets\Benchmarks\INTEGER\spreadsheets\fromAFW\SEEDED\AFW_conditionals01_1Faults_Fault1.xlsx
file result: AFW_conditionals01_1Faults_Fault2   file: C:\Users\inica\Documents\GitHub\BackupSFLspreadsheetsOnGitHub2ndMarch\SFLspreadsheets\Benchmarks\INTEGER\spreadsheets\fromAFW\SEEDED\AFW_conditionals01_1Faults_Fault2.xlsx
file result: AFW_conditionals01_1Faults_Fault3   file: C:\Users\inica\Documents\GitHub\BackupSFLspreadsheetsOnGitHub2ndMarch\SFLspreadsheets\Benchmarks\INTEGER\spreadsheets\fromAFW\SEEDED\AFW_conditionals01_1Faults_Fault3.xlsx
file result: AFW_conditionals01_2Faults_Fault1   file: C:\Users\inica\Documents\GitHub\BackupSFLspreadsheetsOnGitHub2ndMarch\SFLspreadsheets\Benchmarks\INTEGER\spreadsheets\fromAFW\SEEDED\AFW_conditionals01_2Faults_Fault1.xlsx
file result: AFW_conditionals01_2Faults_Fault2   file: C:\Users\inica\Documents\GitHub\BackupSFLspreadsheetsOnGitHub2ndMarch\SFLspreadsheets\Benchmarks\INTEGER\spreadsheets\fromAFW\SEEDED\AFW_conditionals01_2Faults_Fault2.xlsx
file result: AFW_conditionals01_2Faults_Fault3   file: C:\Users\inica\Documents\GitHub\BackupSFLspreadsheetsOnGitHub2ndMarch\SFLspreadsheets\Benchmarks\INTEGER\spreadsheets\fromAFW\SEEDED\AFW_conditionals01_2Faults_Fault3.xlsx
file result: AFW_conditionals01_3Faults_Fault1   file: C:\Users\inica\Documents\GitHub\BackupSFLspreadsheetsOnGitHub2ndMarch\SFLspreadsheets\Benchmarks\INTEGER\spreadsheets\fromAFW\SEEDED\AFW_conditionals01_3Faults_Fault1.xlsx
file result: AFW_conditionals02_1Faults_Fault1   file: C:\Users\inica\Documents\GitHub\BackupSFLspreadsheetsOnGitHub2ndMarch\SFLspreadsheets\Benchmarks\INTEGER\spreadsheets\fromAFW\SEEDED\AFW_conditionals02_1Faults_Fault1.xlsx
file result: AFW_conditionals02_1Faults_Fault2   file: C:\Users\inica\Documents\GitHub\BackupSFLspreadsheetsOnGitHub2ndMarch\SFLspreadsheets\Benchmarks\INTEGER\spreadsheets\fromAFW\SEEDED\AFW_conditionals02_1Faults_Fault2.xlsx
file result: AFW_conditionals02_1Faults_Fault3   file: C:\Users\inica\Documents\GitHub\BackupSFLspreadsheetsOnGitHub2ndMarch\SFLspreadsheets\Benchmarks\INTEGER\spreadsheets\fromAFW\SEEDED\AFW_conditionals02_1Faults_Fault3.xlsx
file result: AFW_conditionals02_2Faults_Fault1   file: C:\Users\inica\Documents\GitHub\BackupSFLspreadsheetsOnGitHub2ndMarch\SFLspreadsheets\Benchmarks\INTEGER\spreadsheets\fromAFW\SEEDED\AFW_conditionals02_2Faults_Fault1.xlsx
file result: AFW_conditionals02_2Faults_Fault2   file: C:\Users\inica\Documents\GitHub\BackupSFLspreadsheetsOnGitHub2ndMarch\SFLspreadsheets\Benchmarks\INTEGER\spreadsheets\fromAFW\SEEDED\AFW_conditionals02_2Faults_Fault2.xlsx
file result: AFW_conditionals02_2Faults_Fault3   file: C:\Users\inica\Documents\GitHub\BackupSFLspreadsheetsOnGitHub2ndMarch\SFLspreadsheets\Benchmarks\INTEGER\spreadsheets\fromAFW\SEEDED\AFW_conditionals02_2Faults_Fault3.xlsx
file result: AFW_conditionals02_3Faults_Fault1   file: C:\Users\inica\Documents\GitHub\BackupSFLspreadsheetsOnGitHub2ndMarch\SFLspreadsheets\Benchmarks\INTEGER\spreadsheets\fromAFW\SEEDED\AFW_conditionals02_3Faults_Fault1.xlsx
file result: AFW_dice_rolling_1Faults_Fault1   file: C:\Users\inica\Documents\GitHub\BackupSFLspreadsheetsOnGitHub2ndMarch\SFLspreadsheets\Benchmarks\INTEGER\spreadsheets\fromAFW\SEEDED\AFW_dice_rolling_1Faults_Fault1.xlsx
file result: AFW_dice_rolling_2Faults_Fault1   file: C:\Users\inica\Documents\GitHub\BackupSFLspreadsheetsOnGitHub2ndMarch\SFLspreadsheets\Benchmarks\INTEGER\spreadsheets\fromAFW\SEEDED\AFW_dice_rolling_2Faults_Fault1.xlsx
file result: AFW_dice_rolling_2Faults_Fault2   file: C:\Users\inica\Documents\GitHub\BackupSFLspreadsheetsOnGitHub2ndMarch\SFLspreadsheets\Benchmarks\INTEGER\spreadsheets\fromAFW\SEEDED\AFW_dice_rolling_2Faults_Fault2.xlsx
file result: AFW_dice_rolling_2Faults_Fault3   file: C:\Users\inica\Documents\GitHub\BackupSFLspreadsheetsOnGitHub2ndMarch\SFLspreadsheets\Benchmarks\INTEGER\spreadsheets\fromAFW\SEEDED\AFW_dice_rolling_2Faults_Fault3.xlsx
file result: AFW_dice_rolling_3Faults_Fault1   file: C:\Users\inica\Documents\GitHub\BackupSFLspreadsheetsOnGitHub2ndMarch\SFLspreadsheets\Benchmarks\INTEGER\spreadsheets\fromAFW\SEEDED\AFW_dice_rolling_3Faults_Fault1.xlsx
file result: AFW_energy_1Faults_Fault2   file: C:\Users\inica\Documents\GitHub\BackupSFLspreadsheetsOnGitHub2ndMarch\SFLspreadsheets\Benchmarks\INTEGER\spreadsheets\fromAFW\SEEDED\AFW_energy_1Faults_Fault2.xlsx
file result: AFW_energy_1Faults_Fault3   file: C:\Users\inica\Documents\GitHub\BackupSFLspreadsheetsOnGitHub2ndMarch\SFLspreadsheets\Benchmarks\INTEGER\spreadsheets\fromAFW\SEEDED\AFW_energy_1Faults_Fault3.xlsx
file result: AFW_energy_1Faults_Fault5   file: C:\Users\inica\Documents\GitHub\BackupSFLspreadsheetsOnGitHub2ndMarch\SFLspreadsheets\Benchmarks\INTEGER\spreadsheets\fromAFW\SEEDED\AFW_energy_1Faults_Fault5.xlsx
file result: AFW_energy_2Faults_Fault2   file: C:\Users\inica\Documents\GitHub\BackupSFLspreadsheetsOnGitHub2ndMarch\SFLspreadsheets\Benchmarks\INTEGER\spreadsheets\fromAFW\SEEDED\AFW_energy_2Faults_Fault2.xlsx
file result: AFW_euclidean_algorithm_1Faults_Fault1   file: C:\Users\inica\Documents\GitHub\BackupSFLspreadsheetsOnGitHub2ndMarch\SFLspreadsheets\Benchmarks\INTEGER\spreadsheets\fromAFW\SEEDED\AFW_euclidean_algorithm_1Faults_Fault1.xlsx
file result: AFW_euclidean_algorithm_1Faults_Fault2   file: C:\Users\inica\Documents\GitHub\BackupSFLspreadsheetsOnGitHub2ndMarch\SFLspreadsheets\Benchmarks\INTEGER\spreadsheets\fromAFW\SEEDED\AFW_euclidean_algorithm_1Faults_Fault2.xlsx
file result: AFW_euclidean_algorithm_1Faults_Fault3   file: C:\Users\inica\Documents\GitHub\BackupSFLspreadsheetsOnGitHub2ndMarch\SFLspreadsheets\Benchmarks\INTEGER\spreadsheets\fromAFW\SEEDED\AFW_euclidean_algorithm_1Faults_Fault3.xlsx
file result: AFW_euclidean_algorithm_2Faults_Fault1   file: C:\Users\inica\Documents\GitHub\BackupSFLspreadsheetsOnGitHub2ndMarch\SFLspreadsheets\Benchmarks\INTEGER\spreadsheets\fromAFW\SEEDED\AFW_euclidean_algorithm_2Faults_Fault1.xlsx
file result: AFW_euclidean_algorithm_2Faults_Fault2   file: C:\Users\inica\Documents\GitHub\BackupSFLspreadsheetsOnGitHub2ndMarch\SFLspreadsheets\Benchmarks\INTEGER\spreadsheets\fromAFW\SEEDED\AFW_euclidean_algorithm_2Faults_Fault2.xlsx
file result: AFW_euclidean_algorithm_2Faults_Fault3   file: C:\Users\inica\Documents\GitHub\BackupSFLspreadsheetsOnGitHub2ndMarch\SFLspreadsheets\Benchmarks\INTEGER\spreadsheets\fromAFW\SEEDED\AFW_euclidean_algorithm_2Faults_Fault3.xlsx
file result: AFW_euclidean_algorithm_3Faults_Fault1   file: C:\Users\inica\Documents\GitHub\BackupSFLspreadsheetsOnGitHub2ndMarch\SFLspreadsheets\Benchmarks\INTEGER\spreadsheets\fromAFW\SEEDED\AFW_euclidean_algorithm_3Faults_Fault1.xlsx
file result: AFW_euclidean_algorithm_small_1Faults_Fault1   file: C:\Users\inica\Documents\GitHub\BackupSFLspreadsheetsOnGitHub2ndMarch\SFLspreadsheets\Benchmarks\INTEGER\spreadsheets\fromAFW\SEEDED\AFW_euclidean_algorithm_small_1Faults_Fault1.xlsx
file result: AFW_euclidean_algorithm_small_1Faults_Fault2   file: C:\Users\inica\Documents\GitHub\BackupSFLspreadsheetsOnGitHub2ndMarch\SFLspreadsheets\Benchmarks\INTEGER\spreadsheets\fromAFW\SEEDED\AFW_euclidean_algorithm_small_1Faults_Fault2.xlsx
file result: AFW_euclidean_algorithm_small_1Faults_Fault3   file: C:\Users\inica\Documents\GitHub\BackupSFLspreadsheetsOnGitHub2ndMarch\SFLspreadsheets\Benchmarks\INTEGER\spreadsheets\fromAFW\SEEDED\AFW_euclidean_algorithm_small_1Faults_Fault3.xlsx
file result: AFW_euclidean_algorithm_small_2Faults_Fault1   file: C:\Users\inica\Documents\GitHub\BackupSFLspreadsheetsOnGitHub2ndMarch\SFLspreadsheets\Benchmarks\INTEGER\spreadsheets\fromAFW\SEEDED\AFW_euclidean_algorithm_small_2Faults_Fault1.xlsx
file result: AFW_euclidean_algorithm_small_2Faults_Fault2   file: C:\Users\inica\Documents\GitHub\BackupSFLspreadsheetsOnGitHub2ndMarch\SFLspreadsheets\Benchmarks\INTEGER\spreadsheets\fromAFW\SEEDED\AFW_euclidean_algorithm_small_2Faults_Fault2.xlsx
file result: AFW_euclidean_algorithm_small_2Faults_Fault3   file: C:\Users\inica\Documents\GitHub\BackupSFLspreadsheetsOnGitHub2ndMarch\SFLspreadsheets\Benchmarks\INTEGER\spreadsheets\fromAFW\SEEDED\AFW_euclidean_algorithm_small_2Faults_Fault3.xlsx
file result: AFW_euclidean_algorithm_small_3Faults_Fault1   file: C:\Users\inica\Documents\GitHub\BackupSFLspreadsheetsOnGitHub2ndMarch\SFLspreadsheets\Benchmarks\INTEGER\spreadsheets\fromAFW\SEEDED\AFW_euclidean_algorithm_small_3Faults_Fault1.xlsx
file result: AFW_fibonacci_1Faults_Fault1   file: C:\Users\inica\Documents\GitHub\BackupSFLspreadsheetsOnGitHub2ndMarch\SFLspreadsheets\Benchmarks\INTEGER\spreadsheets\fromAFW\SEEDED\AFW_fibonacci_1Faults_Fault1.xlsx
file result: AFW_fibonacci_1Faults_Fault2   file: C:\Users\inica\Documents\GitHub\BackupSFLspreadsheetsOnGitHub2ndMarch\SFLspreadsheets\Benchmarks\INTEGER\spreadsheets\fromAFW\SEEDED\AFW_fibonacci_1Faults_Fault2.xlsx
file result: AFW_fibonacci_1Faults_Fault3   file: C:\Users\inica\Documents\GitHub\BackupSFLspreadsheetsOnGitHub2ndMarch\SFLspreadsheets\Benchmarks\INTEGER\spreadsheets\fromAFW\SEEDED\AFW_fibonacci_1Faults_Fault3.xlsx
file result: AFW_fibonacci_2Faults_Fault1   file: C:\Users\inica\Documents\GitHub\BackupSFLspreadsheetsOnGitHub2ndMarch\SFLspreadsheets\Benchmarks\INTEGER\spreadsheets\fromAFW\SEEDED\AFW_fibonacci_2Faults_Fault1.xlsx
file result: AFW_fibonacci_2Faults_Fault3   file: C:\Users\inica\Documents\GitHub\BackupSFLspreadsheetsOnGitHub2ndMarch\SFLspreadsheets\Benchmarks\INTEGER\spreadsheets\fromAFW\SEEDED\AFW_fibonacci_2Faults_Fault3.xlsx
file result: AFW_matrix_1Faults_Fault1   file: C:\Users\inica\Documents\GitHub\BackupSFLspreadsheetsOnGitHub2ndMarch\SFLspreadsheets\Benchmarks\INTEGER\spreadsheets\fromAFW\SEEDED\AFW_matrix_1Faults_Fault1.xlsx
file result: AFW_matrix_1Faults_Fault2   file: C:\Users\inica\Documents\GitHub\BackupSFLspreadsheetsOnGitHub2ndMarch\SFLspreadsheets\Benchmarks\INTEGER\spreadsheets\fromAFW\SEEDED\AFW_matrix_1Faults_Fault2.xlsx
file result: AFW_matrix_2Faults_Fault1   file: C:\Users\inica\Documents\GitHub\BackupSFLspreadsheetsOnGitHub2ndMarch\SFLspreadsheets\Benchmarks\INTEGER\spreadsheets\fromAFW\SEEDED\AFW_matrix_2Faults_Fault1.xlsx
file result: AFW_matrix_2Faults_Fault2   file: C:\Users\inica\Documents\GitHub\BackupSFLspreadsheetsOnGitHub2ndMarch\SFLspreadsheets\Benchmarks\INTEGER\spreadsheets\fromAFW\SEEDED\AFW_matrix_2Faults_Fault2.xlsx
file result: AFW_matrix_2Faults_Fault3   file: C:\Users\inica\Documents\GitHub\BackupSFLspreadsheetsOnGitHub2ndMarch\SFLspreadsheets\Benchmarks\INTEGER\spreadsheets\fromAFW\SEEDED\AFW_matrix_2Faults_Fault3.xlsx
file result: AFW_matrix_3Faults_Fault1   file: C:\Users\inica\Documents\GitHub\BackupSFLspreadsheetsOnGitHub2ndMarch\SFLspreadsheets\Benchmarks\INTEGER\spreadsheets\fromAFW\SEEDED\AFW_matrix_3Faults_Fault1.xlsx
file result: AFW_oscars2012_1Faults_Fault3   file: C:\Users\inica\Documents\GitHub\BackupSFLspreadsheetsOnGitHub2ndMarch\SFLspreadsheets\Benchmarks\INTEGER\spreadsheets\fromAFW\SEEDED\AFW_oscars2012_1Faults_Fault3.xlsx
file result: AFW_oscars2012_1Faults_Fault4   file: C:\Users\inica\Documents\GitHub\BackupSFLspreadsheetsOnGitHub2ndMarch\SFLspreadsheets\Benchmarks\INTEGER\spreadsheets\fromAFW\SEEDED\AFW_oscars2012_1Faults_Fault4.xlsx
file result: AFW_oscars2012_1Faults_Fault5   file: C:\Users\inica\Documents\GitHub\BackupSFLspreadsheetsOnGitHub2ndMarch\SFLspreadsheets\Benchmarks\INTEGER\spreadsheets\fromAFW\SEEDED\AFW_oscars2012_1Faults_Fault5.xlsx
file result: AFW_oscars2012_2Faults_Fault2   file: C:\Users\inica\Documents\GitHub\BackupSFLspreadsheetsOnGitHub2ndMarch\SFLspreadsheets\Benchmarks\INTEGER\spreadsheets\fromAFW\SEEDED\AFW_oscars2012_2Faults_Fault2.xlsx
file result: AFW_parabola_1Faults_Fault1   file: C:\Users\inica\Documents\GitHub\BackupSFLspreadsheetsOnGitHub2ndMarch\SFLspreadsheets\Benchmarks\INTEGER\spreadsheets\fromAFW\SEEDED\AFW_parabola_1Faults_Fault1.xlsx
file result: AFW_parabola_2Faults_Fault1   file: C:\Users\inica\Documents\GitHub\BackupSFLspreadsheetsOnGitHub2ndMarch\SFLspreadsheets\Benchmarks\INTEGER\spreadsheets\fromAFW\SEEDED\AFW_parabola_2Faults_Fault1.xlsx
file result: AFW_parabola_2Faults_Fault2   file: C:\Users\inica\Documents\GitHub\BackupSFLspreadsheetsOnGitHub2ndMarch\SFLspreadsheets\Benchmarks\INTEGER\spreadsheets\fromAFW\SEEDED\AFW_parabola_2Faults_Fault2.xlsx
file result: AFW_parabola_2Faults_Fault3   file: C:\Users\inica\Documents\GitHub\BackupSFLspreadsheetsOnGitHub2ndMarch\SFLspreadsheets\Benchmarks\INTEGER\spreadsheets\fromAFW\SEEDED\AFW_parabola_2Faults_Fault3.xlsx
file result: AFW_parabola_3Faults_Fault1   file: C:\Users\inica\Documents\GitHub\BackupSFLspreadsheetsOnGitHub2ndMarch\SFLspreadsheets\Benchmarks\INTEGER\spreadsheets\fromAFW\SEEDED\AFW_parabola_3Faults_Fault1.xlsx
file result: AFW_prom_calculator_1Faults_Fault1   file: C:\Users\inica\Documents\GitHub\BackupSFLspreadsheetsOnGitHub2ndMarch\SFLspreadsheets\Benchmarks\INTEGER\spreadsheets\fromAFW\SEEDED\AFW_prom_calculator_1Faults_Fault1.xlsx
file result: AFW_prom_calculator_2Faults_Fault1   file: C:\Users\inica\Documents\GitHub\BackupSFLspreadsheetsOnGitHub2ndMarch\SFLspreadsheets\Benchmarks\INTEGER\spreadsheets\fromAFW\SEEDED\AFW_prom_calculator_2Faults_Fault1.xlsx
file result: AFW_prom_calculator_2Faults_Fault2   file: C:\Users\inica\Documents\GitHub\BackupSFLspreadsheetsOnGitHub2ndMarch\SFLspreadsheets\Benchmarks\INTEGER\spreadsheets\fromAFW\SEEDED\AFW_prom_calculator_2Faults_Fault2.xlsx
file result: AFW_prom_calculator_2Faults_Fault3   file: C:\Users\inica\Documents\GitHub\BackupSFLspreadsheetsOnGitHub2ndMarch\SFLspreadsheets\Benchmarks\INTEGER\spreadsheets\fromAFW\SEEDED\AFW_prom_calculator_2Faults_Fault3.xlsx
file result: AFW_prom_calculator_3Faults_Fault1   file: C:\Users\inica\Documents\GitHub\BackupSFLspreadsheetsOnGitHub2ndMarch\SFLspreadsheets\Benchmarks\INTEGER\spreadsheets\fromAFW\SEEDED\AFW_prom_calculator_3Faults_Fault1.xlsx
file result: AFW_ranking_1Faults_Fault2   file: C:\Users\inica\Documents\GitHub\BackupSFLspreadsheetsOnGitHub2ndMarch\SFLspreadsheets\Benchmarks\INTEGER\spreadsheets\fromAFW\SEEDED\AFW_ranking_1Faults_Fault2.xlsx
file result: AFW_shares_1Faults_Fault1   file: C:\Users\inica\Documents\GitHub\BackupSFLspreadsheetsOnGitHub2ndMarch\SFLspreadsheets\Benchmarks\INTEGER\spreadsheets\fromAFW\SEEDED\AFW_shares_1Faults_Fault1.xlsx
file result: AFW_shares_1Faults_Fault2   file: C:\Users\inica\Documents\GitHub\BackupSFLspreadsheetsOnGitHub2ndMarch\SFLspreadsheets\Benchmarks\INTEGER\spreadsheets\fromAFW\SEEDED\AFW_shares_1Faults_Fault2.xlsx
file result: AFW_shares_1Faults_Fault3   file: C:\Users\inica\Documents\GitHub\BackupSFLspreadsheetsOnGitHub2ndMarch\SFLspreadsheets\Benchmarks\INTEGER\spreadsheets\fromAFW\SEEDED\AFW_shares_1Faults_Fault3.xlsx
file result: AFW_shares_1Faults_Fault4   file: C:\Users\inica\Documents\GitHub\BackupSFLspreadsheetsOnGitHub2ndMarch\SFLspreadsheets\Benchmarks\INTEGER\spreadsheets\fromAFW\SEEDED\AFW_shares_1Faults_Fault4.xlsx
file result: AFW_shares_1Faults_Fault5   file: C:\Users\inica\Documents\GitHub\BackupSFLspreadsheetsOnGitHub2ndMarch\SFLspreadsheets\Benchmarks\INTEGER\spreadsheets\fromAFW\SEEDED\AFW_shares_1Faults_Fault5.xlsx
file result: AFW_shares_2Faults_Fault1   file: C:\Users\inica\Documents\GitHub\BackupSFLspreadsheetsOnGitHub2ndMarch\SFLspreadsheets\Benchmarks\INTEGER\spreadsheets\fromAFW\SEEDED\AFW_shares_2Faults_Fault1.xlsx
file result: AFW_shares_2Faults_Fault2   file: C:\Users\inica\Documents\GitHub\BackupSFLspreadsheetsOnGitHub2ndMarch\SFLspreadsheets\Benchmarks\INTEGER\spreadsheets\fromAFW\SEEDED\AFW_shares_2Faults_Fault2.xlsx
file result: AFW_shares_2Faults_Fault3   file: C:\Users\inica\Documents\GitHub\BackupSFLspreadsheetsOnGitHub2ndMarch\SFLspreadsheets\Benchmarks\INTEGER\spreadsheets\fromAFW\SEEDED\AFW_shares_2Faults_Fault3.xlsx
file result: AFW_shares_3Faults_Fault1   file: C:\Users\inica\Documents\GitHub\BackupSFLspreadsheetsOnGitHub2ndMarch\SFLspreadsheets\Benchmarks\INTEGER\spreadsheets\fromAFW\SEEDED\AFW_shares_3Faults_Fault1.xlsx
file result: AFW_shopping_bedroom1_1Faults_Fault1   file: C:\Users\inica\Documents\GitHub\BackupSFLspreadsheetsOnGitHub2ndMarch\SFLspreadsheets\Benchmarks\INTEGER\spreadsheets\fromAFW\SEEDED\AFW_shopping_bedroom1_1Faults_Fault1.xlsx
file result: AFW_shopping_bedroom1_1Faults_Fault2   file: C:\Users\inica\Documents\GitHub\BackupSFLspreadsheetsOnGitHub2ndMarch\SFLspreadsheets\Benchmarks\INTEGER\spreadsheets\fromAFW\SEEDED\AFW_shopping_bedroom1_1Faults_Fault2.xlsx
file result: AFW_shopping_bedroom1_2Faults_Fault1   file: C:\Users\inica\Documents\GitHub\BackupSFLspreadsheetsOnGitHub2ndMarch\SFLspreadsheets\Benchmarks\INTEGER\spreadsheets\fromAFW\SEEDED\AFW_shopping_bedroom1_2Faults_Fault1.xlsx
file result: AFW_shopping_bedroom1_2Faults_Fault2   file: C:\Users\inica\Documents\GitHub\BackupSFLspreadsheetsOnGitHub2ndMarch\SFLspreadsheets\Benchmarks\INTEGER\spreadsheets\fromAFW\SEEDED\AFW_shopping_bedroom1_2Faults_Fault2.xlsx
file result: AFW_shopping_bedroom1_2Faults_Fault3   file: C:\Users\inica\Documents\GitHub\BackupSFLspreadsheetsOnGitHub2ndMarch\SFLspreadsheets\Benchmarks\INTEGER\spreadsheets\fromAFW\SEEDED\AFW_shopping_bedroom1_2Faults_Fault3.xlsx
file result: AFW_shopping_bedroom1_3Faults_Fault1   file: C:\Users\inica\Documents\GitHub\BackupSFLspreadsheetsOnGitHub2ndMarch\SFLspreadsheets\Benchmarks\INTEGER\spreadsheets\fromAFW\SEEDED\AFW_shopping_bedroom1_3Faults_Fault1.xlsx
file result: AFW_shopping_bedroom2_1Faults_Fault2   file: C:\Users\inica\Documents\GitHub\BackupSFLspreadsheetsOnGitHub2ndMarch\SFLspreadsheets\Benchmarks\INTEGER\spreadsheets\fromAFW\SEEDED\AFW_shopping_bedroom2_1Faults_Fault2.xlsx
file result: AFW_shopping_bedroom2_1Faults_Fault3   file: C:\Users\inica\Documents\GitHub\BackupSFLspreadsheetsOnGitHub2ndMarch\SFLspreadsheets\Benchmarks\INTEGER\spreadsheets\fromAFW\SEEDED\AFW_shopping_bedroom2_1Faults_Fault3.xlsx
file result: AFW_shopping_bedroom2_1Faults_Fault4   file: C:\Users\inica\Documents\GitHub\BackupSFLspreadsheetsOnGitHub2ndMarch\SFLspreadsheets\Benchmarks\INTEGER\spreadsheets\fromAFW\SEEDED\AFW_shopping_bedroom2_1Faults_Fault4.xlsx
file result: AFW_shopping_bedroom2_1Faults_Fault5   file: C:\Users\inica\Documents\GitHub\BackupSFLspreadsheetsOnGitHub2ndMarch\SFLspreadsheets\Benchmarks\INTEGER\spreadsheets\fromAFW\SEEDED\AFW_shopping_bedroom2_1Faults_Fault5.xlsx
file result: AFW_shopping_bedroom2_2Faults_Fault2   file: C:\Users\inica\Documents\GitHub\BackupSFLspreadsheetsOnGitHub2ndMarch\SFLspreadsheets\Benchmarks\INTEGER\spreadsheets\fromAFW\SEEDED\AFW_shopping_bedroom2_2Faults_Fault2.xlsx
file result: AFW_shopping_bedroom2_2Faults_Fault3   file: C:\Users\inica\Documents\GitHub\BackupSFLspreadsheetsOnGitHub2ndMarch\SFLspreadsheets\Benchmarks\INTEGER\spreadsheets\fromAFW\SEEDED\AFW_shopping_bedroom2_2Faults_Fault3.xlsx
file result: AFW_training_1Faults_Fault1   file: C:\Users\inica\Documents\GitHub\BackupSFLspreadsheetsOnGitHub2ndMarch\SFLspreadsheets\Benchmarks\INTEGER\spreadsheets\fromAFW\SEEDED\AFW_training_1Faults_Fault1.xlsx
file result: AFW_training_1Faults_Fault3   file: C:\Users\inica\Documents\GitHub\BackupSFLspreadsheetsOnGitHub2ndMarch\SFLspreadsheets\Benchmarks\INTEGER\spreadsheets\fromAFW\SEEDED\AFW_training_1Faults_Fault3.xlsx
file result: AFW_training_1Faults_Fault4   file: C:\Users\inica\Documents\GitHub\BackupSFLspreadsheetsOnGitHub2ndMarch\SFLspreadsheets\Benchmarks\INTEGER\spreadsheets\fromAFW\SEEDED\AFW_training_1Faults_Fault4.xlsx
file result: AFW_training_1Faults_Fault5   file: C:\Users\inica\Documents\GitHub\BackupSFLspreadsheetsOnGitHub2ndMarch\SFLspreadsheets\Benchmarks\INTEGER\spreadsheets\fromAFW\SEEDED\AFW_training_1Faults_Fault5.xlsx
file result: AFW_training_2Faults_Fault1   file: C:\Users\inica\Documents\GitHub\BackupSFLspreadsheetsOnGitHub2ndMarch\SFLspreadsheets\Benchmarks\INTEGER\spreadsheets\fromAFW\SEEDED\AFW_training_2Faults_Fault1.xlsx
file result: AFW_training_2Faults_Fault2   file: C:\Users\inica\Documents\GitHub\BackupSFLspreadsheetsOnGitHub2ndMarch\SFLspreadsheets\Benchmarks\INTEGER\spreadsheets\fromAFW\SEEDED\AFW_training_2Faults_Fault2.xlsx
file result: AFW_training_2Faults_Fault3   file: C:\Users\inica\Documents\GitHub\BackupSFLspreadsheetsOnGitHub2ndMarch\SFLspreadsheets\Benchmarks\INTEGER\spreadsheets\fromAFW\SEEDED\AFW_training_2Faults_Fault3.xlsx
file result: AFW_weather_1Faults_Fault1   file: C:\Users\inica\Documents\GitHub\BackupSFLspreadsheetsOnGitHub2ndMarch\SFLspreadsheets\Benchmarks\INTEGER\spreadsheets\fromAFW\SEEDED\AFW_weather_1Faults_Fault1.xlsx
file result: AFW_weather_1Faults_Fault2   file: C:\Users\inica\Documents\GitHub\BackupSFLspreadsheetsOnGitHub2ndMarch\SFLspreadsheets\Benchmarks\INTEGER\spreadsheets\fromAFW\SEEDED\AFW_weather_1Faults_Fault2.xlsx
file result: AFW_weather_1Faults_Fault3   file: C:\Users\inica\Documents\GitHub\BackupSFLspreadsheetsOnGitHub2ndMarch\SFLspreadsheets\Benchmarks\INTEGER\spreadsheets\fromAFW\SEEDED\AFW_weather_1Faults_Fault3.xlsx
file result: AFW_weather_1Faults_Fault4   file: C:\Users\inica\Documents\GitHub\BackupSFLspreadsheetsOnGitHub2ndMarch\SFLspreadsheets\Benchmarks\INTEGER\spreadsheets\fromAFW\SEEDED\AFW_weather_1Faults_Fault4.xlsx
file result: AFW_weather_2Faults_Fault1   file: C:\Users\inica\Documents\GitHub\BackupSFLspreadsheetsOnGitHub2ndMarch\SFLspreadsheets\Benchmarks\INTEGER\spreadsheets\fromAFW\SEEDED\AFW_weather_2Faults_Fault1.xlsx
file result: AFW_weather_2Faults_Fault2   file: C:\Users\inica\Documents\GitHub\BackupSFLspreadsheetsOnGitHub2ndMarch\SFLspreadsheets\Benchmarks\INTEGER\spreadsheets\fromAFW\SEEDED\AFW_weather_2Faults_Fault2.xlsx
file result: AFW_weather_2Faults_Fault3   file: C:\Users\inica\Documents\GitHub\BackupSFLspreadsheetsOnGitHub2ndMarch\SFLspreadsheets\Benchmarks\INTEGER\spreadsheets\fromAFW\SEEDED\AFW_weather_2Faults_Fault3.xlsx
file result: AFW_weather_3Faults_Fault1   file: C:\Users\inica\Documents\GitHub\BackupSFLspreadsheetsOnGitHub2ndMarch\SFLspreadsheets\Benchmarks\INTEGER\spreadsheets\fromAFW\SEEDED\AFW_weather_3Faults_Fault1.xlsx
file result: AFW_wimbledon2012_1Faults_Fault1   file: C:\Users\inica\Documents\GitHub\BackupSFLspreadsheetsOnGitHub2ndMarch\SFLspreadsheets\Benchmarks\INTEGER\spreadsheets\fromAFW\SEEDED\AFW_wimbledon2012_1Faults_Fault1.xlsx
file result: AFW_wimbledon2012_1Faults_Fault2   file: C:\Users\inica\Documents\GitHub\BackupSFLspreadsheetsOnGitHub2ndMarch\SFLspreadsheets\Benchmarks\INTEGER\spreadsheets\fromAFW\SEEDED\AFW_wimbledon2012_1Faults_Fault2.xlsx
file result: AFW_wimbledon2012_1Faults_Fault3   file: C:\Users\inica\Documents\GitHub\BackupSFLspreadsheetsOnGitHub2ndMarch\SFLspreadsheets\Benchmarks\INTEGER\spreadsheets\fromAFW\SEEDED\AFW_wimbledon2012_1Faults_Fault3.xlsx
file result: AFW_wimbledon2012_2Faults_Fault1   file: C:\Users\inica\Documents\GitHub\BackupSFLspreadsheetsOnGitHub2ndMarch\SFLspreadsheets\Benchmarks\INTEGER\spreadsheets\fromAFW\SEEDED\AFW_wimbledon2012_2Faults_Fault1.xlsx
file result: AFW_wimbledon2012_2Faults_Fault2   file: C:\Users\inica\Documents\GitHub\BackupSFLspreadsheetsOnGitHub2ndMarch\SFLspreadsheets\Benchmarks\INTEGER\spreadsheets\fromAFW\SEEDED\AFW_wimbledon2012_2Faults_Fault2.xlsx
file result: AFW_wimbledon2012_2Faults_Fault3   file: C:\Users\inica\Documents\GitHub\BackupSFLspreadsheetsOnGitHub2ndMarch\SFLspreadsheets\Benchmarks\INTEGER\spreadsheets\fromAFW\SEEDED\AFW_wimbledon2012_2Faults_Fault3.xlsx
file result: AFW_wimbledon2012_3Faults_Fault1   file: C:\Users\inica\Documents\GitHub\BackupSFLspreadsheetsOnGitHub2ndMarch\SFLspreadsheets\Benchmarks\INTEGER\spreadsheets\fromAFW\SEEDED\AFW_wimbledon2012_3Faults_Fault1.xlsx
